CRITICAL - 2023-07-10 17:01:10 --> Call to a member function where() on null
in APPPATH/Controllers/Main.php on line 17.
 1 SYSTEMPATH/CodeIgniter.php(932): App\Controllers\Main->homepage()
 2 SYSTEMPATH/CodeIgniter.php(497): CodeIgniter\CodeIgniter->runController(Object(App\Controllers\Main))
 3 SYSTEMPATH/CodeIgniter.php(366): CodeIgniter\CodeIgniter->handleRequest(null, Object(Config\Cache), false)
 4 FCPATH/index.php(67): CodeIgniter\CodeIgniter->run()
CRITICAL - 2023-07-10 17:01:14 --> Call to a member function where() on null
in APPPATH/Controllers/Main.php on line 17.
 1 SYSTEMPATH/CodeIgniter.php(932): App\Controllers\Main->homepage()
 2 SYSTEMPATH/CodeIgniter.php(497): CodeIgniter\CodeIgniter->runController(Object(App\Controllers\Main))
 3 SYSTEMPATH/CodeIgniter.php(366): CodeIgniter\CodeIgniter->handleRequest(null, Object(Config\Cache), false)
 4 FCPATH/index.php(67): CodeIgniter\CodeIgniter->run()
CRITICAL - 2023-07-10 17:03:37 --> Call to a member function where() on null
in APPPATH/Controllers/Main.php on line 17.
 1 SYSTEMPATH/CodeIgniter.php(932): App\Controllers\Main->homepage()
 2 SYSTEMPATH/CodeIgniter.php(497): CodeIgniter\CodeIgniter->runController(Object(App\Controllers\Main))
 3 SYSTEMPATH/CodeIgniter.php(366): CodeIgniter\CodeIgniter->handleRequest(null, Object(Config\Cache), false)
 4 FCPATH/index.php(67): CodeIgniter\CodeIgniter->run()
CRITICAL - 2023-07-10 17:03:38 --> Call to a member function where() on null
in APPPATH/Controllers/Main.php on line 17.
 1 SYSTEMPATH/CodeIgniter.php(932): App\Controllers\Main->homepage()
 2 SYSTEMPATH/CodeIgniter.php(497): CodeIgniter\CodeIgniter->runController(Object(App\Controllers\Main))
 3 SYSTEMPATH/CodeIgniter.php(366): CodeIgniter\CodeIgniter->handleRequest(null, Object(Config\Cache), false)
 4 FCPATH/index.php(67): CodeIgniter\CodeIgniter->run()
CRITICAL - 2023-07-10 17:03:40 --> Call to a member function where() on null
in APPPATH/Controllers/Main.php on line 17.
 1 SYSTEMPATH/CodeIgniter.php(932): App\Controllers\Main->homepage()
 2 SYSTEMPATH/CodeIgniter.php(497): CodeIgniter\CodeIgniter->runController(Object(App\Controllers\Main))
 3 SYSTEMPATH/CodeIgniter.php(366): CodeIgniter\CodeIgniter->handleRequest(null, Object(Config\Cache), false)
 4 FCPATH/index.php(67): CodeIgniter\CodeIgniter->run()
CRITICAL - 2023-07-10 17:03:41 --> Call to a member function where() on null
in APPPATH/Controllers/Main.php on line 17.
 1 SYSTEMPATH/CodeIgniter.php(932): App\Controllers\Main->homepage()
 2 SYSTEMPATH/CodeIgniter.php(497): CodeIgniter\CodeIgniter->runController(Object(App\Controllers\Main))
 3 SYSTEMPATH/CodeIgniter.php(366): CodeIgniter\CodeIgniter->handleRequest(null, Object(Config\Cache), false)
 4 FCPATH/index.php(67): CodeIgniter\CodeIgniter->run()
CRITICAL - 2023-07-10 17:03:42 --> Call to a member function where() on null
in APPPATH/Controllers/Main.php on line 17.
 1 SYSTEMPATH/CodeIgniter.php(932): App\Controllers\Main->homepage()
 2 SYSTEMPATH/CodeIgniter.php(497): CodeIgniter\CodeIgniter->runController(Object(App\Controllers\Main))
 3 SYSTEMPATH/CodeIgniter.php(366): CodeIgniter\CodeIgniter->handleRequest(null, Object(Config\Cache), false)
 4 FCPATH/index.php(67): CodeIgniter\CodeIgniter->run()
CRITICAL - 2023-07-10 17:04:58 --> Call to a member function where() on null
in APPPATH/Controllers/Main.php on line 17.
 1 SYSTEMPATH/CodeIgniter.php(932): App\Controllers\Main->homepage()
 2 SYSTEMPATH/CodeIgniter.php(497): CodeIgniter\CodeIgniter->runController(Object(App\Controllers\Main))
 3 SYSTEMPATH/CodeIgniter.php(366): CodeIgniter\CodeIgniter->handleRequest(null, Object(Config\Cache), false)
 4 FCPATH/index.php(67): CodeIgniter\CodeIgniter->run()
CRITICAL - 2023-07-10 17:05:02 --> Call to a member function where() on null
in APPPATH/Controllers/Main.php on line 17.
 1 SYSTEMPATH/CodeIgniter.php(932): App\Controllers\Main->homepage()
 2 SYSTEMPATH/CodeIgniter.php(497): CodeIgniter\CodeIgniter->runController(Object(App\Controllers\Main))
 3 SYSTEMPATH/CodeIgniter.php(366): CodeIgniter\CodeIgniter->handleRequest(null, Object(Config\Cache), false)
 4 FCPATH/index.php(67): CodeIgniter\CodeIgniter->run()
CRITICAL - 2023-07-10 17:06:01 --> Undefined property: App\Controllers\Main::$strukturModel
in APPPATH/Controllers/Main.php on line 17.
 1 APPPATH/Controllers/Main.php(17): CodeIgniter\Debug\Exceptions->errorHandler(8, 'Undefined property: App\\Controllers\\Main::$strukturModel', '/home/vol1000_8/infinityfree.com/if0_34583510/htdocs/CI4/app/Controllers/Main.php', 17, [])
 2 SYSTEMPATH/CodeIgniter.php(932): App\Controllers\Main->homepage()
 3 SYSTEMPATH/CodeIgniter.php(497): CodeIgniter\CodeIgniter->runController(Object(App\Controllers\Main))
 4 SYSTEMPATH/CodeIgniter.php(366): CodeIgniter\CodeIgniter->handleRequest(null, Object(Config\Cache), false)
 5 FCPATH/index.php(67): CodeIgniter\CodeIgniter->run()
CRITICAL - 2023-07-10 17:06:41 --> Undefined property: App\Controllers\Main::$strukturModel
in APPPATH/Controllers/Main.php on line 17.
 1 APPPATH/Controllers/Main.php(17): CodeIgniter\Debug\Exceptions->errorHandler(8, 'Undefined property: App\\Controllers\\Main::$strukturModel', '/home/vol1000_8/infinityfree.com/if0_34583510/htdocs/CI4/app/Controllers/Main.php', 17, [])
 2 SYSTEMPATH/CodeIgniter.php(932): App\Controllers\Main->homepage()
 3 SYSTEMPATH/CodeIgniter.php(497): CodeIgniter\CodeIgniter->runController(Object(App\Controllers\Main))
 4 SYSTEMPATH/CodeIgniter.php(366): CodeIgniter\CodeIgniter->handleRequest(null, Object(Config\Cache), false)
 5 FCPATH/index.php(67): CodeIgniter\CodeIgniter->run()
CRITICAL - 2023-07-10 17:06:45 --> Undefined property: App\Controllers\Main::$strukturModel
in APPPATH/Controllers/Main.php on line 17.
 1 APPPATH/Controllers/Main.php(17): CodeIgniter\Debug\Exceptions->errorHandler(8, 'Undefined property: App\\Controllers\\Main::$strukturModel', '/home/vol1000_8/infinityfree.com/if0_34583510/htdocs/CI4/app/Controllers/Main.php', 17, [])
 2 SYSTEMPATH/CodeIgniter.php(932): App\Controllers\Main->homepage()
 3 SYSTEMPATH/CodeIgniter.php(497): CodeIgniter\CodeIgniter->runController(Object(App\Controllers\Main))
 4 SYSTEMPATH/CodeIgniter.php(366): CodeIgniter\CodeIgniter->handleRequest(null, Object(Config\Cache), false)
 5 FCPATH/index.php(67): CodeIgniter\CodeIgniter->run()
CRITICAL - 2023-07-10 17:07:38 --> Class 'App\Controllers\StrukturModel' not found
in APPPATH/Controllers/Main.php on line 12.
 1 SYSTEMPATH/CodeIgniter.php(904): App\Controllers\Main->__construct()
 2 SYSTEMPATH/CodeIgniter.php(488): CodeIgniter\CodeIgniter->createController()
 3 SYSTEMPATH/CodeIgniter.php(366): CodeIgniter\CodeIgniter->handleRequest(null, Object(Config\Cache), false)
 4 FCPATH/index.php(67): CodeIgniter\CodeIgniter->run()
CRITICAL - 2023-07-10 17:08:03 --> Class 'App\Controllers\StrukturModel' not found
in APPPATH/Controllers/Main.php on line 12.
 1 SYSTEMPATH/CodeIgniter.php(904): App\Controllers\Main->__construct()
 2 SYSTEMPATH/CodeIgniter.php(488): CodeIgniter\CodeIgniter->createController()
 3 SYSTEMPATH/CodeIgniter.php(366): CodeIgniter\CodeIgniter->handleRequest(null, Object(Config\Cache), false)
 4 FCPATH/index.php(67): CodeIgniter\CodeIgniter->run()
ERROR - 2023-07-10 17:08:19 --> Error connecting to the database: mysqli_sql_exception: No such file or directory in /home/vol1000_8/infinityfree.com/if0_34583510/htdocs/CI4/system/Database/MySQLi/Connection.php:174
Stack trace:
#0 /home/vol1000_8/infinityfree.com/if0_34583510/htdocs/CI4/system/Database/MySQLi/Connection.php(174): mysqli->real_connect('localhost', '', '', '', 3306, '', 0)
#1 /home/vol1000_8/infinityfree.com/if0_34583510/htdocs/CI4/system/Database/BaseConnection.php(391): CodeIgniter\Database\MySQLi\Connection->connect(false)
#2 /home/vol1000_8/infinityfree.com/if0_34583510/htdocs/CI4/system/Database/BaseConnection.php(574): CodeIgniter\Database\BaseConnection->initialize()
#3 /home/vol1000_8/infinityfree.com/if0_34583510/htdocs/CI4/system/Database/BaseBuilder.php(1616): CodeIgniter\Database\BaseConnection->query('SELECT *\nFROM `...', Array, false)
#4 /home/vol1000_8/infinityfree.com/if0_34583510/htdocs/CI4/system/Model.php(268): CodeIgniter\Database\BaseBuilder->get()
#5 /home/vol1000_8/infinityfree.com/if0_34583510/htdocs/CI4/system/BaseModel.php(656): CodeIgniter\Model->doFirst()
#6 /home/vol1000_8/infinityfree.com/if0_34583510/htdocs/CI4/app/Controllers/Main.php(27): CodeIgniter\BaseModel->first()
#7 /home/vol1000_8/infinityfree.com/if0_34583510/htdocs/CI4/system/CodeIgniter.php(932): App\Controllers\Main->homepage()
#8 /home/vol1000_8/infinityfree.com/if0_34583510/htdocs/CI4/system/CodeIgniter.php(497): CodeIgniter\CodeIgniter->runController(Object(App\Controllers\Main))
#9 /home/vol1000_8/infinityfree.com/if0_34583510/htdocs/CI4/system/CodeIgniter.php(366): CodeIgniter\CodeIgniter->handleRequest(NULL, Object(Config\Cache), false)
#10 /home/vol1000_8/infinityfree.com/if0_34583510/htdocs/CI4/public/index.php(67): CodeIgniter\CodeIgniter->run()
#11 {main}

Next CodeIgniter\Database\Exceptions\DatabaseException: No such file or directory in /home/vol1000_8/infinityfree.com/if0_34583510/htdocs/CI4/system/Database/MySQLi/Connection.php:218
Stack trace:
#0 /home/vol1000_8/infinityfree.com/if0_34583510/htdocs/CI4/system/Database/BaseConnection.php(391): CodeIgniter\Database\MySQLi\Connection->connect(false)
#1 /home/vol1000_8/infinityfree.com/if0_34583510/htdocs/CI4/system/Database/BaseConnection.php(574): CodeIgniter\Database\BaseConnection->initialize()
#2 /home/vol1000_8/infinityfree.com/if0_34583510/htdocs/CI4/system/Database/BaseBuilder.php(1616): CodeIgniter\Database\BaseConnection->query('SELECT *\nFROM `...', Array, false)
#3 /home/vol1000_8/infinityfree.com/if0_34583510/htdocs/CI4/system/Model.php(268): CodeIgniter\Database\BaseBuilder->get()
#4 /home/vol1000_8/infinityfree.com/if0_34583510/htdocs/CI4/system/BaseModel.php(656): CodeIgniter\Model->doFirst()
#5 /home/vol1000_8/infinityfree.com/if0_34583510/htdocs/CI4/app/Controllers/Main.php(27): CodeIgniter\BaseModel->first()
#6 /home/vol1000_8/infinityfree.com/if0_34583510/htdocs/CI4/system/CodeIgniter.php(932): App\Controllers\Main->homepage()
#7 /home/vol1000_8/infinityfree.com/if0_34583510/htdocs/CI4/system/CodeIgniter.php(497): CodeIgniter\CodeIgniter->runController(Object(App\Controllers\Main))
#8 /home/vol1000_8/infinityfree.com/if0_34583510/htdocs/CI4/system/CodeIgniter.php(366): CodeIgniter\CodeIgniter->handleRequest(NULL, Object(Config\Cache), false)
#9 /home/vol1000_8/infinityfree.com/if0_34583510/htdocs/CI4/public/index.php(67): CodeIgniter\CodeIgniter->run()
#10 {main}
CRITICAL - 2023-07-10 17:08:19 --> Unable to connect to the database.
Main connection [MySQLi]: No such file or directory
in SYSTEMPATH/Database/BaseConnection.php on line 427.
 1 SYSTEMPATH/Database/BaseConnection.php(574): CodeIgniter\Database\BaseConnection->initialize()
 2 SYSTEMPATH/Database/BaseBuilder.php(1616): CodeIgniter\Database\BaseConnection->query('SELECT *
FROM `struktur`
WHERE `posisi` = :posisi:
 LIMIT 1', [...], false)
 3 SYSTEMPATH/Model.php(268): CodeIgniter\Database\BaseBuilder->get()
 4 SYSTEMPATH/BaseModel.php(656): CodeIgniter\Model->doFirst()
 5 APPPATH/Controllers/Main.php(27): CodeIgniter\BaseModel->first()
 6 SYSTEMPATH/CodeIgniter.php(932): App\Controllers\Main->homepage()
 7 SYSTEMPATH/CodeIgniter.php(497): CodeIgniter\CodeIgniter->runController(Object(App\Controllers\Main))
 8 SYSTEMPATH/CodeIgniter.php(366): CodeIgniter\CodeIgniter->handleRequest(null, Object(Config\Cache), false)
 9 FCPATH/index.php(67): CodeIgniter\CodeIgniter->run()
ERROR - 2023-07-10 17:13:43 --> Error connecting to the database: mysqli_sql_exception: Access denied for user 'if0_34583510'@'192.168.0.5' (using password: YES) in /home/vol1000_8/infinityfree.com/if0_34583510/htdocs/CI4/system/Database/MySQLi/Connection.php:174
Stack trace:
#0 /home/vol1000_8/infinityfree.com/if0_34583510/htdocs/CI4/system/Database/MySQLi/Connection.php(174): mysqli->real_connect('sql108.infinity...', 'if0_34583510', 'Pusk3sm45', 'if0_34583510_ti...', 3306, '', 0)
#1 /home/vol1000_8/infinityfree.com/if0_34583510/htdocs/CI4/system/Database/BaseConnection.php(391): CodeIgniter\Database\MySQLi\Connection->connect(false)
#2 /home/vol1000_8/infinityfree.com/if0_34583510/htdocs/CI4/system/Database/BaseConnection.php(574): CodeIgniter\Database\BaseConnection->initialize()
#3 /home/vol1000_8/infinityfree.com/if0_34583510/htdocs/CI4/system/Database/BaseBuilder.php(1616): CodeIgniter\Database\BaseConnection->query('SELECT *\nFROM `...', Array, false)
#4 /home/vol1000_8/infinityfree.com/if0_34583510/htdocs/CI4/system/Model.php(268): CodeIgniter\Database\BaseBuilder->get()
#5 /home/vol1000_8/infinityfree.com/if0_34583510/htdocs/CI4/system/BaseModel.php(656): CodeIgniter\Model->doFirst()
#6 /home/vol1000_8/infinityfree.com/if0_34583510/htdocs/CI4/app/Controllers/Main.php(27): CodeIgniter\BaseModel->first()
#7 /home/vol1000_8/infinityfree.com/if0_34583510/htdocs/CI4/system/CodeIgniter.php(932): App\Controllers\Main->homepage()
#8 /home/vol1000_8/infinityfree.com/if0_34583510/htdocs/CI4/system/CodeIgniter.php(497): CodeIgniter\CodeIgniter->runController(Object(App\Controllers\Main))
#9 /home/vol1000_8/infinityfree.com/if0_34583510/htdocs/CI4/system/CodeIgniter.php(366): CodeIgniter\CodeIgniter->handleRequest(NULL, Object(Config\Cache), false)
#10 /home/vol1000_8/infinityfree.com/if0_34583510/htdocs/CI4/public/index.php(67): CodeIgniter\CodeIgniter->run()
#11 {main}

Next CodeIgniter\Database\Exceptions\DatabaseException: Access denied for user '****'@'192.168.0.5' (using password: YES) in /home/vol1000_8/infinityfree.com/if0_34583510/htdocs/CI4/system/Database/MySQLi/Connection.php:218
Stack trace:
#0 /home/vol1000_8/infinityfree.com/if0_34583510/htdocs/CI4/system/Database/BaseConnection.php(391): CodeIgniter\Database\MySQLi\Connection->connect(false)
#1 /home/vol1000_8/infinityfree.com/if0_34583510/htdocs/CI4/system/Database/BaseConnection.php(574): CodeIgniter\Database\BaseConnection->initialize()
#2 /home/vol1000_8/infinityfree.com/if0_34583510/htdocs/CI4/system/Database/BaseBuilder.php(1616): CodeIgniter\Database\BaseConnection->query('SELECT *\nFROM `...', Array, false)
#3 /home/vol1000_8/infinityfree.com/if0_34583510/htdocs/CI4/system/Model.php(268): CodeIgniter\Database\BaseBuilder->get()
#4 /home/vol1000_8/infinityfree.com/if0_34583510/htdocs/CI4/system/BaseModel.php(656): CodeIgniter\Model->doFirst()
#5 /home/vol1000_8/infinityfree.com/if0_34583510/htdocs/CI4/app/Controllers/Main.php(27): CodeIgniter\BaseModel->first()
#6 /home/vol1000_8/infinityfree.com/if0_34583510/htdocs/CI4/system/CodeIgniter.php(932): App\Controllers\Main->homepage()
#7 /home/vol1000_8/infinityfree.com/if0_34583510/htdocs/CI4/system/CodeIgniter.php(497): CodeIgniter\CodeIgniter->runController(Object(App\Controllers\Main))
#8 /home/vol1000_8/infinityfree.com/if0_34583510/htdocs/CI4/system/CodeIgniter.php(366): CodeIgniter\CodeIgniter->handleRequest(NULL, Object(Config\Cache), false)
#9 /home/vol1000_8/infinityfree.com/if0_34583510/htdocs/CI4/public/index.php(67): CodeIgniter\CodeIgniter->run()
#10 {main}
CRITICAL - 2023-07-10 17:13:43 --> Unable to connect to the database.
Main connection [MySQLi]: Access denied for user '****'@'192.168.0.5' (using password: YES)
in SYSTEMPATH/Database/BaseConnection.php on line 427.
 1 SYSTEMPATH/Database/BaseConnection.php(574): CodeIgniter\Database\BaseConnection->initialize()
 2 SYSTEMPATH/Database/BaseBuilder.php(1616): CodeIgniter\Database\BaseConnection->query('SELECT *
FROM `struktur`
WHERE `posisi` = :posisi:
 LIMIT 1', [...], false)
 3 SYSTEMPATH/Model.php(268): CodeIgniter\Database\BaseBuilder->get()
 4 SYSTEMPATH/BaseModel.php(656): CodeIgniter\Model->doFirst()
 5 APPPATH/Controllers/Main.php(27): CodeIgniter\BaseModel->first()
 6 SYSTEMPATH/CodeIgniter.php(932): App\Controllers\Main->homepage()
 7 SYSTEMPATH/CodeIgniter.php(497): CodeIgniter\CodeIgniter->runController(Object(App\Controllers\Main))
 8 SYSTEMPATH/CodeIgniter.php(366): CodeIgniter\CodeIgniter->handleRequest(null, Object(Config\Cache), false)
 9 FCPATH/index.php(67): CodeIgniter\CodeIgniter->run()
ERROR - 2023-07-10 17:13:48 --> Error connecting to the database: mysqli_sql_exception: Access denied for user 'if0_34583510'@'192.168.0.5' (using password: YES) in /home/vol1000_8/infinityfree.com/if0_34583510/htdocs/CI4/system/Database/MySQLi/Connection.php:174
Stack trace:
#0 /home/vol1000_8/infinityfree.com/if0_34583510/htdocs/CI4/system/Database/MySQLi/Connection.php(174): mysqli->real_connect('sql108.infinity...', 'if0_34583510', 'Pusk3sm45', 'if0_34583510_ti...', 3306, '', 0)
#1 /home/vol1000_8/infinityfree.com/if0_34583510/htdocs/CI4/system/Database/BaseConnection.php(391): CodeIgniter\Database\MySQLi\Connection->connect(false)
#2 /home/vol1000_8/infinityfree.com/if0_34583510/htdocs/CI4/system/Database/BaseConnection.php(574): CodeIgniter\Database\BaseConnection->initialize()
#3 /home/vol1000_8/infinityfree.com/if0_34583510/htdocs/CI4/system/Database/BaseBuilder.php(1616): CodeIgniter\Database\BaseConnection->query('SELECT *\nFROM `...', Array, false)
#4 /home/vol1000_8/infinityfree.com/if0_34583510/htdocs/CI4/system/Model.php(268): CodeIgniter\Database\BaseBuilder->get()
#5 /home/vol1000_8/infinityfree.com/if0_34583510/htdocs/CI4/system/BaseModel.php(656): CodeIgniter\Model->doFirst()
#6 /home/vol1000_8/infinityfree.com/if0_34583510/htdocs/CI4/app/Controllers/Main.php(27): CodeIgniter\BaseModel->first()
#7 /home/vol1000_8/infinityfree.com/if0_34583510/htdocs/CI4/system/CodeIgniter.php(932): App\Controllers\Main->homepage()
#8 /home/vol1000_8/infinityfree.com/if0_34583510/htdocs/CI4/system/CodeIgniter.php(497): CodeIgniter\CodeIgniter->runController(Object(App\Controllers\Main))
#9 /home/vol1000_8/infinityfree.com/if0_34583510/htdocs/CI4/system/CodeIgniter.php(366): CodeIgniter\CodeIgniter->handleRequest(NULL, Object(Config\Cache), false)
#10 /home/vol1000_8/infinityfree.com/if0_34583510/htdocs/CI4/public/index.php(67): CodeIgniter\CodeIgniter->run()
#11 {main}

Next CodeIgniter\Database\Exceptions\DatabaseException: Access denied for user '****'@'192.168.0.5' (using password: YES) in /home/vol1000_8/infinityfree.com/if0_34583510/htdocs/CI4/system/Database/MySQLi/Connection.php:218
Stack trace:
#0 /home/vol1000_8/infinityfree.com/if0_34583510/htdocs/CI4/system/Database/BaseConnection.php(391): CodeIgniter\Database\MySQLi\Connection->connect(false)
#1 /home/vol1000_8/infinityfree.com/if0_34583510/htdocs/CI4/system/Database/BaseConnection.php(574): CodeIgniter\Database\BaseConnection->initialize()
#2 /home/vol1000_8/infinityfree.com/if0_34583510/htdocs/CI4/system/Database/BaseBuilder.php(1616): CodeIgniter\Database\BaseConnection->query('SELECT *\nFROM `...', Array, false)
#3 /home/vol1000_8/infinityfree.com/if0_34583510/htdocs/CI4/system/Model.php(268): CodeIgniter\Database\BaseBuilder->get()
#4 /home/vol1000_8/infinityfree.com/if0_34583510/htdocs/CI4/system/BaseModel.php(656): CodeIgniter\Model->doFirst()
#5 /home/vol1000_8/infinityfree.com/if0_34583510/htdocs/CI4/app/Controllers/Main.php(27): CodeIgniter\BaseModel->first()
#6 /home/vol1000_8/infinityfree.com/if0_34583510/htdocs/CI4/system/CodeIgniter.php(932): App\Controllers\Main->homepage()
#7 /home/vol1000_8/infinityfree.com/if0_34583510/htdocs/CI4/system/CodeIgniter.php(497): CodeIgniter\CodeIgniter->runController(Object(App\Controllers\Main))
#8 /home/vol1000_8/infinityfree.com/if0_34583510/htdocs/CI4/system/CodeIgniter.php(366): CodeIgniter\CodeIgniter->handleRequest(NULL, Object(Config\Cache), false)
#9 /home/vol1000_8/infinityfree.com/if0_34583510/htdocs/CI4/public/index.php(67): CodeIgniter\CodeIgniter->run()
#10 {main}
CRITICAL - 2023-07-10 17:13:48 --> Unable to connect to the database.
Main connection [MySQLi]: Access denied for user '****'@'192.168.0.5' (using password: YES)
in SYSTEMPATH/Database/BaseConnection.php on line 427.
 1 SYSTEMPATH/Database/BaseConnection.php(574): CodeIgniter\Database\BaseConnection->initialize()
 2 SYSTEMPATH/Database/BaseBuilder.php(1616): CodeIgniter\Database\BaseConnection->query('SELECT *
FROM `struktur`
WHERE `posisi` = :posisi:
 LIMIT 1', [...], false)
 3 SYSTEMPATH/Model.php(268): CodeIgniter\Database\BaseBuilder->get()
 4 SYSTEMPATH/BaseModel.php(656): CodeIgniter\Model->doFirst()
 5 APPPATH/Controllers/Main.php(27): CodeIgniter\BaseModel->first()
 6 SYSTEMPATH/CodeIgniter.php(932): App\Controllers\Main->homepage()
 7 SYSTEMPATH/CodeIgniter.php(497): CodeIgniter\CodeIgniter->runController(Object(App\Controllers\Main))
 8 SYSTEMPATH/CodeIgniter.php(366): CodeIgniter\CodeIgniter->handleRequest(null, Object(Config\Cache), false)
 9 FCPATH/index.php(67): CodeIgniter\CodeIgniter->run()
CRITICAL - 2023-07-10 18:23:56 --> Call to undefined function asset_url()
in APPPATH/Views/layout/Master.php on line 9.
 1 SYSTEMPATH/View/View.php(224): include()
 2 SYSTEMPATH/View/View.php(227): CodeIgniter\View\View->CodeIgniter\View\{closure}()
 3 SYSTEMPATH/View/View.php(240): CodeIgniter\View\View->render('layout/Master', [], true)
 4 SYSTEMPATH/Common.php(1180): CodeIgniter\View\View->render('homepage', [], true)
 5 APPPATH/Controllers/Main.php(31): view('homepage', [...])
 6 SYSTEMPATH/CodeIgniter.php(932): App\Controllers\Main->homepage()
 7 SYSTEMPATH/CodeIgniter.php(497): CodeIgniter\CodeIgniter->runController(Object(App\Controllers\Main))
 8 SYSTEMPATH/CodeIgniter.php(366): CodeIgniter\CodeIgniter->handleRequest(null, Object(Config\Cache), false)
 9 FCPATH/index.php(67): CodeIgniter\CodeIgniter->run()
CRITICAL - 2023-07-10 18:26:57 --> Call to undefined function asset_url()
in APPPATH/Views/layout/Master.php on line 9.
 1 SYSTEMPATH/View/View.php(224): include()
 2 SYSTEMPATH/View/View.php(227): CodeIgniter\View\View->CodeIgniter\View\{closure}()
 3 SYSTEMPATH/View/View.php(240): CodeIgniter\View\View->render('layout/Master', [], true)
 4 SYSTEMPATH/Common.php(1180): CodeIgniter\View\View->render('homepage', [], true)
 5 APPPATH/Controllers/Main.php(31): view('homepage', [...])
 6 SYSTEMPATH/CodeIgniter.php(932): App\Controllers\Main->homepage()
 7 SYSTEMPATH/CodeIgniter.php(497): CodeIgniter\CodeIgniter->runController(Object(App\Controllers\Main))
 8 SYSTEMPATH/CodeIgniter.php(366): CodeIgniter\CodeIgniter->handleRequest(null, Object(Config\Cache), false)
 9 FCPATH/index.php(67): CodeIgniter\CodeIgniter->run()
